TIME                    LEVEL   FUNCTION   Message

2024-10-24 22:07:05,211 [INFO]	[START]    Plate recognition server

2024-10-24 22:07:05,212 [INFO]	[SETUP]    Server initialization
2024-10-24 22:07:05,215 [INFO]	[SETUP]    Using configuration file: server_config.ini
2024-10-24 22:07:05,215 [INFO]	[SETUP]    DEVICE ID: server_1234
2024-10-24 22:07:05,215 [DEBUG]	[SETUP]    Loading Roboflow model
2024-10-24 22:07:05,216 [DEBUG]	[INFLUXDB] Loading
2024-10-24 22:07:05,222 [ERROR]	[INFLUXDB] Error: <urllib3.connection.HTTPConnection object at 0x1426779a0>: Failed to establish a new connection: [Errno 61] Connection refused
2024-10-24 22:07:05,222 [INFO]	[CORE]     Closing program
2024-10-24 22:09:51,174 [INFO]	[START]    Plate recognition server

2024-10-24 22:09:51,175 [INFO]	[SETUP]    Server initialization
2024-10-24 22:09:51,177 [INFO]	[SETUP]    Using configuration file: server_config.ini
2024-10-24 22:09:51,177 [INFO]	[SETUP]    DEVICE ID: server_1234
2024-10-24 22:09:51,178 [DEBUG]	[SETUP]    Loading Roboflow model
2024-10-24 22:09:51,178 [DEBUG]	[INFLUXDB] Loading
2024-10-24 22:09:51,248 [DEBUG]	[INFLUXDB] Bucket avaiable: _monitoring
2024-10-24 22:09:51,248 [DEBUG]	[INFLUXDB] Bucket avaiable: _tasks
2024-10-24 22:09:51,249 [DEBUG]	[INFLUXDB] Bucket avaiable: iot_lab
2024-10-24 22:09:51,249 [DEBUG]	[INFLUXDB] Bucket avaiable: iot_project
2024-10-24 22:09:51,249 [DEBUG]	[INFLUXDB] Bucket avaiable: my_infinite_retention_bucket
2024-10-24 22:09:51,249 [DEBUG]	[INFLUXDB] Bucket avaiable: prova_bucket
2024-10-24 22:09:51,249 [DEBUG]	[INFLUXDB] Bucket avaiable: pve_log
2024-10-24 22:09:51,250 [DEBUG]	[MQTT]     Loading
2024-10-24 22:09:51,251 [INFO]	[MQTT]     Sucessufully connected to topic: test/cam_target
2024-10-24 22:09:51,253 [DEBUG]	[MQTT]     Sent message to topic 'test/plate_check': {"device_id": "", "payload": "server_free"}
2024-10-24 22:09:51,253 [DEBUG]	[MQTT]     Server available
2024-10-24 22:09:51,254 [DEBUG]	[MQTT]     Sent message to topic 'test/cam_debug': [MQTT]     Server available
2024-10-24 22:09:51,297 [INFO]	[MQTT]     Broker connected
2024-10-24 22:09:51,310 [DEBUG]	[MQTT]     Sent message to topic 'test/cam_debug': server_1234: handshake connection
2024-10-24 22:09:51,316 [DEBUG]	[MQTT]     published message to broker
2024-10-24 22:09:51,327 [INFO]	[SETUP]    Setup completed
2024-10-24 22:09:51,327 [INFO]	[CORE]     Waiting for incoming messages
2024-10-24 22:44:02,558 [INFO]	[START]    Plate recognition server

2024-10-24 22:44:02,559 [INFO]	[SETUP]    Server initialization
2024-10-24 22:44:02,562 [INFO]	[SETUP]    Using configuration file: server_config.ini
2024-10-24 22:44:02,562 [INFO]	[SETUP]    DEVICE ID: server_1234
2024-10-24 22:44:02,562 [DEBUG]	[SETUP]    Loading Roboflow model
2024-10-24 22:44:02,563 [DEBUG]	[INFLUXDB] Loading
2024-10-24 22:44:02,569 [ERROR]	[INFLUXDB] Error: <urllib3.connection.HTTPConnection object at 0x14225fa60>: Failed to establish a new connection: [Errno 61] Connection refused
2024-10-24 22:44:02,569 [INFO]	[CORE]     Closing program
2024-10-24 22:45:06,940 [INFO]	[START]    Plate recognition server

2024-10-24 22:45:06,941 [INFO]	[SETUP]    Server initialization
2024-10-24 22:45:06,943 [INFO]	[SETUP]    Using configuration file: server_config.ini
2024-10-24 22:45:06,943 [INFO]	[SETUP]    DEVICE ID: server_1234
2024-10-24 22:45:06,944 [DEBUG]	[SETUP]    Loading Roboflow model
2024-10-24 22:45:06,944 [DEBUG]	[INFLUXDB] Loading
2024-10-24 22:45:07,000 [DEBUG]	[INFLUXDB] Bucket avaiable: _monitoring
2024-10-24 22:45:07,001 [DEBUG]	[INFLUXDB] Bucket avaiable: _tasks
2024-10-24 22:45:07,001 [DEBUG]	[INFLUXDB] Bucket avaiable: iot_lab
2024-10-24 22:45:07,001 [DEBUG]	[INFLUXDB] Bucket avaiable: iot_project
2024-10-24 22:45:07,001 [DEBUG]	[INFLUXDB] Bucket avaiable: my_infinite_retention_bucket
2024-10-24 22:45:07,001 [DEBUG]	[INFLUXDB] Bucket avaiable: prova_bucket
2024-10-24 22:45:07,001 [DEBUG]	[INFLUXDB] Bucket avaiable: pve_log
2024-10-24 22:45:07,001 [DEBUG]	[MQTT]     Loading
2024-10-24 22:45:07,002 [INFO]	[MQTT]     Sucessufully connected to topic: test/cam_target
2024-10-24 22:45:07,003 [DEBUG]	[MQTT]     Sent message to topic 'test/plate_check': {"device_id": "", "payload": "server_free"}
2024-10-24 22:45:07,003 [INFO]	[MQTT]     Broker connected
2024-10-24 22:45:07,003 [DEBUG]	[MQTT]     Server available
2024-10-24 22:45:07,004 [DEBUG]	[MQTT]     Sent message to topic 'test/cam_debug': server_1234: handshake connection
2024-10-24 22:45:07,004 [DEBUG]	[MQTT]     Sent message to topic 'test/cam_debug': [MQTT]     Server available
2024-10-24 22:45:07,004 [DEBUG]	[MQTT]     published message to broker
2024-10-24 22:45:07,010 [INFO]	[SETUP]    Setup completed
2024-10-24 22:45:07,017 [INFO]	[CORE]     Waiting for incoming messages
2024-10-24 22:46:42,086 [INFO]	[START]    Plate recognition server

2024-10-24 22:46:42,087 [INFO]	[SETUP]    Server initialization
2024-10-24 22:46:42,089 [INFO]	[SETUP]    Using configuration file: server_config.ini
2024-10-24 22:46:42,089 [INFO]	[SETUP]    DEVICE ID: server_1234
2024-10-24 22:46:42,089 [DEBUG]	[SETUP]    Loading Roboflow model
2024-10-24 22:46:42,089 [DEBUG]	[INFLUXDB] Loading
2024-10-24 22:46:42,094 [ERROR]	[INFLUXDB] Error: <urllib3.connection.HTTPConnection object at 0x14ae62910>: Failed to establish a new connection: [Errno 61] Connection refused
2024-10-24 22:46:42,095 [INFO]	[CORE]     Closing program
